0 info it worked if it ends with ok
1 verbose cli [ '/Users/lbombach/.nvm/versions/node/v6.10.2/bin/node',
1 verbose cli   '/Users/lbombach/.nvm/versions/node/v6.10.2/lib/node_modules/npm/bin/npm-cli.js',
1 verbose cli   'run',
1 verbose cli   'build',
1 verbose cli   '--scripts-prepend-node-path=auto' ]
2 info using npm@3.10.10
3 info using node@v6.10.2
4 verbose run-script [ 'prebuild', 'build', 'postbuild' ]
5 info lifecycle @elmc/collection@1.0.0~prebuild: @elmc/collection@1.0.0
6 silly lifecycle @elmc/collection@1.0.0~prebuild: no script for prebuild, continuing
7 info lifecycle @elmc/collection@1.0.0~build: @elmc/collection@1.0.0
8 verbose lifecycle @elmc/collection@1.0.0~build: unsafe-perm in lifecycle true
9 verbose lifecycle @elmc/collection@1.0.0~build: PATH: /Users/lbombach/.nvm/versions/node/v6.10.2/lib/node_modules/npm/bin/node-gyp-bin:/Users/lbombach/Projekte/emc/packages/collection/node_modules/.bin:/Users/lbombach/.rvm/gems/ruby-2.4.1/bin:/Users/lbombach/.rvm/gems/ruby-2.4.1@global/bin:/Users/lbombach/.rvm/rubies/ruby-2.4.1/bin:/Users/lbombach/.yarn/bin:/Users/lbombach/.nvm/versions/node/v6.10.2/bin:/usr/local/bin:/usr/bin:/bin:/usr/sbin:/sbin:/Users/lbombach/Applications/terraform/:/Users/lbombach/.rvm/bin
10 verbose lifecycle @elmc/collection@1.0.0~build: CWD: /Users/lbombach/Projekte/emc/packages/collection
11 silly lifecycle @elmc/collection@1.0.0~build: Args: [ '-c', 'tsc --pretty --declaration' ]
12 silly lifecycle @elmc/collection@1.0.0~build: Returned: code: 2  signal: null
13 info lifecycle @elmc/collection@1.0.0~build: Failed to exec build script
14 verbose stack Error: @elmc/collection@1.0.0 build: `tsc --pretty --declaration`
14 verbose stack Exit status 2
14 verbose stack     at EventEmitter.<anonymous> (/Users/lbombach/.nvm/versions/node/v6.10.2/lib/node_modules/npm/lib/utils/lifecycle.js:255:16)
14 verbose stack     at emitTwo (events.js:106:13)
14 verbose stack     at EventEmitter.emit (events.js:191:7)
14 verbose stack     at ChildProcess.<anonymous> (/Users/lbombach/.nvm/versions/node/v6.10.2/lib/node_modules/npm/lib/utils/spawn.js:40:14)
14 verbose stack     at emitTwo (events.js:106:13)
14 verbose stack     at ChildProcess.emit (events.js:191:7)
14 verbose stack     at maybeClose (internal/child_process.js:886:16)
14 verbose stack     at Process.ChildProcess._handle.onexit (internal/child_process.js:226:5)
15 verbose pkgid @elmc/collection@1.0.0
16 verbose cwd /Users/lbombach/Projekte/emc/packages/collection
17 error Darwin 16.3.0
18 error argv "/Users/lbombach/.nvm/versions/node/v6.10.2/bin/node" "/Users/lbombach/.nvm/versions/node/v6.10.2/lib/node_modules/npm/bin/npm-cli.js" "run" "build" "--scripts-prepend-node-path=auto"
19 error node v6.10.2
20 error npm  v3.10.10
21 error code ELIFECYCLE
22 error @elmc/collection@1.0.0 build: `tsc --pretty --declaration`
22 error Exit status 2
23 error Failed at the @elmc/collection@1.0.0 build script 'tsc --pretty --declaration'.
23 error Make sure you have the latest version of node.js and npm installed.
23 error If you do, this is most likely a problem with the @elmc/collection package,
23 error not with npm itself.
23 error Tell the author that this fails on your system:
23 error     tsc --pretty --declaration
23 error You can get information on how to open an issue for this project with:
23 error     npm bugs @elmc/collection
23 error Or if that isn't available, you can get their info via:
23 error     npm owner ls @elmc/collection
23 error There is likely additional logging output above.
24 verbose exit [ 1, true ]
